<?xml version="1.0" encoding="UTF-8"?>
<testng-results ignored="0" total="3" passed="2" failed="1" skipped="0">
  <reporter-output>
  </reporter-output>
  <suite started-at="2022-01-14T01:34:25 SGT" name="Default suite" finished-at="2022-01-14T01:36:05 SGT" duration-ms="100578">
    <groups>
    </groups>
    <test started-at="2022-01-14T01:34:25 SGT" name="Default test" finished-at="2022-01-14T01:36:05 SGT" duration-ms="100578">
      <class name="com.w3schools.qa.testcases.LearnHtmlPageTest">
        <test-method is-config="true" signature="setUp()[pri:0, instance:com.w3schools.qa.testcases.LearnHtmlPageTest@56cdfb3b]" started-at="2022-01-14T01:34:25 SGT" name="setUp" finished-at="2022-01-14T01:34:39 SGT" duration-ms="13892" status="PASS">
          <reporter-output>
          </reporter-output>
        </test-method> <!-- setUp -->
        <test-method signature="printHtmlTutorialsLinksTextTest()[pri:0, instance:com.w3schools.qa.testcases.LearnHtmlPageTest@56cdfb3b]" started-at="2022-01-14T01:34:39 SGT" name="printHtmlTutorialsLinksTextTest" finished-at="2022-01-14T01:34:59 SGT" duration-ms="20059" status="PASS">
          <reporter-output>
          </reporter-output>
        </test-method> <!-- printHtmlTutorialsLinksTextTest -->
        <test-method is-config="true" signature="tearDown()[pri:0, instance:com.w3schools.qa.testcases.LearnHtmlPageTest@56cdfb3b]" started-at="2022-01-14T01:34:59 SGT" name="tearDown" finished-at="2022-01-14T01:35:00 SGT" duration-ms="669" status="PASS">
          <reporter-output>
          </reporter-output>
        </test-method> <!-- tearDown -->
        <test-method is-config="true" signature="setUp()[pri:0, instance:com.w3schools.qa.testcases.LearnHtmlPageTest@56cdfb3b]" started-at="2022-01-14T01:35:00 SGT" name="setUp" finished-at="2022-01-14T01:35:10 SGT" duration-ms="10505" status="PASS">
          <reporter-output>
          </reporter-output>
        </test-method> <!-- setUp -->
        <test-method signature="verifyHtmlTutorialTitleTest()[pri:0, instance:com.w3schools.qa.testcases.LearnHtmlPageTest@56cdfb3b]" started-at="2022-01-14T01:35:10 SGT" name="verifyHtmlTutorialTitleTest" finished-at="2022-01-14T01:35:31 SGT" duration-ms="20937" status="FAIL">
          <exception class="org.openqa.selenium.NoSuchElementException">
            <message>
              <![CDATA[no such element: Unable to locate element: {"method":"xpath","selector":"//div[@id='leftmenuinnerinner']//h2[contains(text(),' Tutorial')]"}
  (Session info: chrome=97.0.4692.71)
For documentation on this error, please visit: https://selenium.dev/exceptions/#no_such_element
Build info: version: '4.1.0', revision: '87802e897b'
System info: host: 'DESKTOP-JFDV80J', ip: '192.168.10.105', os.name: 'Windows 10', os.arch: 'amd64', os.version: '10.0', java.version: '17'
Driver info: org.openqa.selenium.chrome.ChromeDriver
Command: [577cc3d172cae0ec638cdd34279841b8, findElement {using=xpath, value=//div[@id='leftmenuinnerinner']//h2[contains(text(),' Tutorial')]}]
Capabilities {acceptInsecureCerts: false, browserName: chrome, browserVersion: 97.0.4692.71, chrome: {chromedriverVersion: 97.0.4692.71 (adefa7837d02a..., userDataDir: C:\Users\Venky\AppData\Loca...}, goog:chromeOptions: {debuggerAddress: localhost:49221}, javascriptEnabled: true, networkConnectionEnabled: false, pageLoadStrategy: normal, platform: WINDOWS, platformName: WINDOWS, proxy: Proxy(), se:cdp: ws://localhost:49221/devtoo..., se:cdpVersion: 97.0.4692.71, setWindowRect: true, strictFileInteractability: false, timeouts: {implicit: 0, pageLoad: 300000, script: 30000}, unhandledPromptBehavior: dismiss and notify, webauthn:extension:credBlob: true, webauthn:extension:largeBlob: true, webauthn:virtualAuthenticators: true}
Session ID: 577cc3d172cae0ec638cdd34279841b8]]>
            </message>
            <full-stacktrace>
              <![CDATA[org.openqa.selenium.NoSuchElementException: no such element: Unable to locate element: {"method":"xpath","selector":"//div[@id='leftmenuinnerinner']//h2[contains(text(),' Tutorial')]"}
  (Session info: chrome=97.0.4692.71)
For documentation on this error, please visit: https://selenium.dev/exceptions/#no_such_element
Build info: version: '4.1.0', revision: '87802e897b'
System info: host: 'DESKTOP-JFDV80J', ip: '192.168.10.105', os.name: 'Windows 10', os.arch: 'amd64', os.version: '10.0', java.version: '17'
Driver info: org.openqa.selenium.chrome.ChromeDriver
Command: [577cc3d172cae0ec638cdd34279841b8, findElement {using=xpath, value=//div[@id='leftmenuinnerinner']//h2[contains(text(),' Tutorial')]}]
Capabilities {acceptInsecureCerts: false, browserName: chrome, browserVersion: 97.0.4692.71, chrome: {chromedriverVersion: 97.0.4692.71 (adefa7837d02a..., userDataDir: C:\Users\Venky\AppData\Loca...}, goog:chromeOptions: {debuggerAddress: localhost:49221}, javascriptEnabled: true, networkConnectionEnabled: false, pageLoadStrategy: normal, platform: WINDOWS, platformName: WINDOWS, proxy: Proxy(), se:cdp: ws://localhost:49221/devtoo..., se:cdpVersion: 97.0.4692.71, setWindowRect: true, strictFileInteractability: false, timeouts: {implicit: 0, pageLoad: 300000, script: 30000}, unhandledPromptBehavior: dismiss and notify, webauthn:extension:credBlob: true, webauthn:extension:largeBlob: true, webauthn:virtualAuthenticators: true}
Session ID: 577cc3d172cae0ec638cdd34279841b8
at java.base/jdk.internal.reflect.NativeConstructorAccessorImpl.newInstance0(Native Method)
at java.base/jdk.internal.reflect.NativeConstructorAccessorImpl.newInstance(NativeConstructorAccessorImpl.java:77)
at java.base/jdk.internal.reflect.DelegatingConstructorAccessorImpl.newInstance(DelegatingConstructorAccessorImpl.java:45)
at java.base/java.lang.reflect.Constructor.newInstanceWithCaller(Constructor.java:499)
at java.base/java.lang.reflect.Constructor.newInstance(Constructor.java:480)
at org.openqa.selenium.remote.codec.w3c.W3CHttpResponseCodec.createException(W3CHttpResponseCodec.java:200)
at org.openqa.selenium.remote.codec.w3c.W3CHttpResponseCodec.decode(W3CHttpResponseCodec.java:133)
at org.openqa.selenium.remote.codec.w3c.W3CHttpResponseCodec.decode(W3CHttpResponseCodec.java:53)
at org.openqa.selenium.remote.HttpCommandExecutor.execute(HttpCommandExecutor.java:184)
at org.openqa.selenium.remote.service.DriverCommandExecutor.invokeExecute(DriverCommandExecutor.java:164)
at org.openqa.selenium.remote.service.DriverCommandExecutor.execute(DriverCommandExecutor.java:139)
at org.openqa.selenium.remote.RemoteWebDriver.execute(RemoteWebDriver.java:559)
at org.openqa.selenium.remote.ElementLocation$ElementFinder$2.findElement(ElementLocation.java:162)
at org.openqa.selenium.remote.ElementLocation.findElement(ElementLocation.java:60)
at org.openqa.selenium.remote.RemoteWebDriver.findElement(RemoteWebDriver.java:383)
at org.openqa.selenium.remote.RemoteWebDriver.findElement(RemoteWebDriver.java:375)
at org.openqa.selenium.support.pagefactory.DefaultElementLocator.findElement(DefaultElementLocator.java:70)
at org.openqa.selenium.support.pagefactory.internal.LocatingElementHandler.invoke(LocatingElementHandler.java:39)
at jdk.proxy2/jdk.proxy2.$Proxy16.getText(Unknown Source)
at com.w3schools.qa.pages.LearnHtmlPage.verifyHtmlTutorialTitle(LearnHtmlPage.java:29)
at com.w3schools.qa.testcases.LearnHtmlPageTest.verifyHtmlTutorialTitleTest(LearnHtmlPageTest.java:40)
at java.base/jdk.internal.reflect.NativeMethodAccessorImpl.invoke0(Native Method)
at java.base/jdk.internal.reflect.NativeMethodAccessorImpl.invoke(NativeMethodAccessorImpl.java:77)
at java.base/jdk.internal.reflect.DelegatingMethodAccessorImpl.invoke(DelegatingMethodAccessorImpl.java:43)
at java.base/java.lang.reflect.Method.invoke(Method.java:568)
at org.testng.internal.MethodInvocationHelper.invokeMethod(MethodInvocationHelper.java:133)
at org.testng.internal.TestInvoker.invokeMethod(TestInvoker.java:598)
at org.testng.internal.TestInvoker.invokeTestMethod(TestInvoker.java:173)
at org.testng.internal.MethodRunner.runInSequence(MethodRunner.java:46)
at org.testng.internal.TestInvoker$MethodInvocationAgent.invoke(TestInvoker.java:824)
at org.testng.internal.TestInvoker.invokeTestMethods(TestInvoker.java:146)
at org.testng.internal.TestMethodWorker.invokeTestMethods(TestMethodWorker.java:146)
at org.testng.internal.TestMethodWorker.run(TestMethodWorker.java:128)
at java.base/java.util.ArrayList.forEach(ArrayList.java:1511)
at org.testng.TestRunner.privateRun(TestRunner.java:794)
at org.testng.TestRunner.run(TestRunner.java:596)
at org.testng.SuiteRunner.runTest(SuiteRunner.java:377)
at org.testng.SuiteRunner.runSequentially(SuiteRunner.java:371)
at org.testng.SuiteRunner.privateRun(SuiteRunner.java:332)
at org.testng.SuiteRunner.run(SuiteRunner.java:276)
at org.testng.SuiteRunnerWorker.runSuite(SuiteRunnerWorker.java:53)
at org.testng.SuiteRunnerWorker.run(SuiteRunnerWorker.java:96)
at org.testng.TestNG.runSuitesSequentially(TestNG.java:1212)
at org.testng.TestNG.runSuitesLocally(TestNG.java:1134)
at org.testng.TestNG.runSuites(TestNG.java:1063)
at org.testng.TestNG.run(TestNG.java:1031)
at org.testng.remote.AbstractRemoteTestNG.run(AbstractRemoteTestNG.java:115)
at org.testng.remote.RemoteTestNG.initAndRun(RemoteTestNG.java:251)
at org.testng.remote.RemoteTestNG.main(RemoteTestNG.java:77)
]]>
            </full-stacktrace>
          </exception> <!-- org.openqa.selenium.NoSuchElementException -->
          <reporter-output>
          </reporter-output>
        </test-method> <!-- verifyHtmlTutorialTitleTest -->
        <test-method is-config="true" signature="tearDown()[pri:0, instance:com.w3schools.qa.testcases.LearnHtmlPageTest@56cdfb3b]" started-at="2022-01-14T01:35:31 SGT" name="tearDown" finished-at="2022-01-14T01:35:32 SGT" duration-ms="831" status="PASS">
          <reporter-output>
          </reporter-output>
        </test-method> <!-- tearDown -->
        <test-method is-config="true" signature="setUp()[pri:0, instance:com.w3schools.qa.testcases.LearnHtmlPageTest@56cdfb3b]" started-at="2022-01-14T01:35:32 SGT" name="setUp" finished-at="2022-01-14T01:35:45 SGT" duration-ms="12812" status="PASS">
          <reporter-output>
          </reporter-output>
        </test-method> <!-- setUp -->
        <test-method signature="verifyNumberOfLinksTest()[pri:0, instance:com.w3schools.qa.testcases.LearnHtmlPageTest@56cdfb3b]" started-at="2022-01-14T01:35:45 SGT" name="verifyNumberOfLinksTest" finished-at="2022-01-14T01:36:05 SGT" duration-ms="20073" status="PASS">
          <reporter-output>
          </reporter-output>
        </test-method> <!-- verifyNumberOfLinksTest -->
        <test-method is-config="true" signature="tearDown()[pri:0, instance:com.w3schools.qa.testcases.LearnHtmlPageTest@56cdfb3b]" started-at="2022-01-14T01:36:05 SGT" name="tearDown" finished-at="2022-01-14T01:36:05 SGT" duration-ms="706" status="PASS">
          <reporter-output>
          </reporter-output>
        </test-method> <!-- tearDown -->
      </class> <!-- com.w3schools.qa.testcases.LearnHtmlPageTest -->
    </test> <!-- Default test -->
  </suite> <!-- Default suite -->
</testng-results>
